#
# A fatal error has been detected by the Java Runtime Environment:
#
#  SIGFPE (0x8) at pc=0x00007f2ca402c58c, pid=9024, tid=9025
#
# JRE version: OpenJDK Runtime Environment (17.0.6+10) (build 17.0.6+10-Ubuntu-0ubuntu120.04.1)
# Java VM: OpenJDK 64-Bit Server VM (17.0.6+10-Ubuntu-0ubuntu120.04.1, mixed mode, sharing, tiered, compressed oops, compressed class ptrs, g1 gc, linux-amd64)
# Problematic frame:
# C  [libnative.so+0x158c]  Java_Main_divideByZero+0x32
#
# No core dump will be written. Core dumps have been disabled. To enable core dumping, try "ulimit -c unlimited" before starting Java again
#
# If you would like to submit a bug report, please visit:
#   Unknown
# The crash happened outside the Java Virtual Machine in native code.
# See problematic frame for where to report the bug.
#

---------------  S U M M A R Y ------------

Command Line: -Djava.library.path=/mnt/c/Users/MarkB/projects/ProjectsIdea/optimization_java/task4/src/main/java -Xmx500m Main

Host: 13th Gen Intel(R) Core(TM) i7-13700KF, 24 cores, 2G, Ubuntu 20.04.6 LTS
Time: Thu May 25 13:00:54 2023 +07 elapsed time: 0.599756 seconds (0d 0h 0m 0s)

---------------  T H R E A D  ---------------

Current thread (0x00007f2ca0013a00):  JavaThread "main" [_thread_in_native, id=9025, stack(0x00007f2ca60c6000,0x00007f2ca61c7000)]

Stack: [0x00007f2ca60c6000,0x00007f2ca61c7000],  sp=0x00007f2ca61c5920,  free space=1022k
Native frames: (J=compiled Java code, j=interpreted, Vv=VM code, C=native code)
C  [libnative.so+0x158c]  Java_Main_divideByZero+0x32
j  Main.divideByZero()I+0
j  Main.main([Ljava/lang/String;)V+115
v  ~StubRoutines::call_stub
V  [libjvm.so+0x83d8f5]
V  [libjvm.so+0x8d4449]
V  [libjvm.so+0x8d72d2]
C  [libjli.so+0x4a9e]
C  [libjli.so+0x82fd]

Java frames: (J=compiled Java code, j=interpreted, Vv=VM code)
j  Main.divideByZero()I+0
j  Main.main([Ljava/lang/String;)V+115
v  ~StubRoutines::call_stub

siginfo: si_signo: 8 (SIGFPE), si_code: 1 (FPE_INTDIV), si_addr: 0x00007f2ca402c58c

Register to memory mapping:

RAX=0x000000000000000a is an unknown value
RBX={method} {0x00007f2c78c00bf8} 'divideByZero' '()I' in 'Main'
RCX=0x00007f2ca7a160af: __write+0x000000000000004f in /lib/x86_64-linux-gnu/libc.so.6 at 0x00007f2ca7908000
RDX=0x0 is NULL
RSP=0x00007f2ca61c5920 is pointing into the stack for thread: 0x00007f2ca0013a00
RBP=0x00007f2ca61c5940 is pointing into the stack for thread: 0x00007f2ca0013a00
RSI=0x00007f2ca0101220 points into unknown readable memory: 0x676e696469766944 | 44 69 76 69 64 69 6e 67
RDI=0x00007f2ca7af67e0: <offset 0x00000000001ee7e0> in /lib/x86_64-linux-gnu/libc.so.6 at 0x00007f2ca7908000
R8 =0x0000000000000014 is an unknown value
R9 =0x00007f2ca0014b90 points into unknown readable memory: 0x00007f2c78c006b0 | b0 06 c0 78 2c 7f 00 00
R10=0x00007f2c905aa4eb is at code_begin+843 in an Interpreter codelet
method entry point (kind = native)  [0x00007f2c905aa1a0, 0x00007f2c905aaa00]  2144 bytes
R11=0x0 is NULL
R12=0x0 is NULL
R13={method} {0x00007f2c78c00bf8} 'divideByZero' '()I' in 'Main'
R14=0x00007f2ca61c59b8 is pointing into the stack for thread: 0x00007f2ca0013a00
R15=0x00007f2ca0013a00 is a thread


Registers:
RAX=0x000000000000000a, RBX=0x00007f2c78c00bf8, RCX=0x00007f2ca7a160af, RDX=0x0000000000000000
RSP=0x00007f2ca61c5920, RBP=0x00007f2ca61c5940, RSI=0x00007f2ca0101220, RDI=0x00007f2ca7af67e0
R8 =0x0000000000000014, R9 =0x00007f2ca0014b90, R10=0x00007f2c905aa4eb, R11=0x0000000000000000
R12=0x0000000000000000, R13=0x00007f2c78c00bf8, R14=0x00007f2ca61c59b8, R15=0x00007f2ca0013a00
RIP=0x00007f2ca402c58c, EFLAGS=0x0000000000010246, CSGSFS=0x002b000000000033, ERR=0x0000000000000000
  TRAPNO=0x0000000000000000

Top of Stack: (sp=0x00007f2ca61c5920)
0x00007f2ca61c5920:   00007f2ca61c59b0 00007f2ca0013ca8
0x00007f2ca61c5930:   00007f2ca61c59a0 000000000000000a
0x00007f2ca61c5940:   00007f2ca61c59a0 00007f2c905aa51a
0x00007f2ca61c5950:   00007f2c905aa256 00007f2ca61c5958 

Instructions: (pc=0x00007f2ca402c58c)
0x00007f2ca402c48c:   d4 48 8b 75 e0 48 8b 45 e8 48 8d 0d a6 0b 00 00
0x00007f2ca402c49c:   48 8d 15 a1 0b 00 00 48 89 c7 e8 f5 fc ff ff 48
0x00007f2ca402c4ac:   89 45 f8 8b 4d d4 48 8b 55 f8 48 8b 75 d8 48 8b
0x00007f2ca402c4bc:   45 e8 48 89 c7 e8 8a fc ff ff 90 c9 c3 f3 0f 1e
0x00007f2ca402c4cc:   fa 55 48 89 e5 48 83 ec 20 48 89 7d e8 48 89 75
0x00007f2ca402c4dc:   e0 bf 04 00 00 00 e8 e9 fc ff ff 48 89 45 f8 48
0x00007f2ca402c4ec:   8b 45 f8 c7 00 64 00 00 00 48 8b 45 f8 c9 c3 f3
0x00007f2ca402c4fc:   0f 1e fa 55 48 89 e5 48 89 7d e8 48 89 75 e0 48
0x00007f2ca402c50c:   89 55 d8 48 8b 45 d8 48 89 45 f8 48 8b 45 f8 8b
0x00007f2ca402c51c:   00 5d c3 f3 0f 1e fa 55 48 89 e5 48 83 ec 30 48
0x00007f2ca402c52c:   89 7d e8 48 89 75 e0 48 89 55 d8 48 8b 45 d8 48
0x00007f2ca402c53c:   89 45 f8 48 8b 45 f8 48 89 c7 e8 d5 fb ff ff 48
0x00007f2ca402c54c:   8d 3d fc 0a 00 00 e8 e9 fb ff ff 90 c9 c3 f3 0f
0x00007f2ca402c55c:   1e fa 55 48 89 e5 48 83 ec 20 48 89 7d e8 48 89
0x00007f2ca402c56c:   75 e0 48 8d 3d e7 0a 00 00 e8 c6 fb ff ff c7 45
0x00007f2ca402c57c:   f8 0a 00 00 00 c7 45 fc 00 00 00 00 8b 45 f8 99
0x00007f2ca402c58c:   f7 7d fc c9 c3 90 f3 0f 1e fa 55 48 89 e5 48 83
0x00007f2ca402c59c:   ec 10 48 89 7d f8 48 89 75 f0 48 8b 45 f8 48 8b
0x00007f2ca402c5ac:   00 48 8b 48 30 48 8b 55 f0 48 8b 45 f8 48 89 d6
0x00007f2ca402c5bc:   48 89 c7 ff d1 c9 c3 90 f3 0f 1e fa 55 48 89 e5
0x00007f2ca402c5cc:   48 81 ec 00 01 00 00 48 89 bd 18 ff ff ff 48 89
0x00007f2ca402c5dc:   b5 10 ff ff ff 48 89 95 08 ff ff ff 48 89 8d 68
0x00007f2ca402c5ec:   ff ff ff 4c 89 85 70 ff ff ff 4c 89 8d 78 ff ff
0x00007f2ca402c5fc:   ff 84 c0 74 20 0f 29 45 80 0f 29 4d 90 0f 29 55
0x00007f2ca402c60c:   a0 0f 29 5d b0 0f 29 65 c0 0f 29 6d d0 0f 29 75
0x00007f2ca402c61c:   e0 0f 29 7d f0 64 48 8b 04 25 28 00 00 00 48 89
0x00007f2ca402c62c:   85 48 ff ff ff 31 c0 c7 85 30 ff ff ff 18 00 00
0x00007f2ca402c63c:   00 c7 85 34 ff ff ff 30 00 00 00 48 8d 45 10 48
0x00007f2ca402c64c:   89 85 38 ff ff ff 48 8d 85 50 ff ff ff 48 89 85
0x00007f2ca402c65c:   40 ff ff ff 48 8b 85 18 ff ff ff 48 8b 00 4c 8b
0x00007f2ca402c66c:   80 e8 00 00 00 48 8d 8d 30 ff ff ff 48 8b 95 08
0x00007f2ca402c67c:   ff ff ff 48 8b b5 10 ff ff ff 48 8b 85 18 ff ff 


Stack slot to memory mapping:
stack at sp + 0 slots: 0x00007f2ca61c59b0 is pointing into the stack for thread: 0x00007f2ca0013a00
stack at sp + 1 slots: 0x00007f2ca0013ca8 points into unknown readable memory: 0x00007f2ca78394c0 | c0 94 83 a7 2c 7f 00 00
stack at sp + 2 slots: 0x00007f2ca61c59a0 is pointing into the stack for thread: 0x00007f2ca0013a00
stack at sp + 3 slots: 0x000000000000000a is an unknown value
stack at sp + 4 slots: 0x00007f2ca61c59a0 is pointing into the stack for thread: 0x00007f2ca0013a00
stack at sp + 5 slots: 0x00007f2c905aa51a is at code_begin+890 in an Interpreter codelet
method entry point (kind = native)  [0x00007f2c905aa1a0, 0x00007f2c905aaa00]  2144 bytes
stack at sp + 6 slots: 0x00007f2c905aa256 is at code_begin+182 in an Interpreter codelet
method entry point (kind = native)  [0x00007f2c905aa1a0, 0x00007f2c905aaa00]  2144 bytes
stack at sp + 7 slots: 0x00007f2ca61c5958 is pointing into the stack for thread: 0x00007f2ca0013a00


---------------  P R O C E S S  ---------------

Threads class SMR info:
_java_thread_list=0x00007f2c4819ed40, length=12, elements={
0x00007f2ca0013a00, 0x00007f2ca00e3cf0, 0x00007f2ca00e50d0, 0x00007f2ca00eccb0,
0x00007f2ca00ee060, 0x00007f2ca00ef470, 0x00007f2ca00f0ea0, 0x00007f2ca00f23d0,
0x00007f2ca00f3840, 0x00007f2ca00fae60, 0x00007f2ca00fe750, 0x00007f2c4819dd50
}

Java Threads: ( => current thread )
=>0x00007f2ca0013a00 JavaThread "main" [_thread_in_native, id=9025, stack(0x00007f2ca60c6000,0x00007f2ca61c7000)]
  0x00007f2ca00e3cf0 JavaThread "Reference Handler" daemon [_thread_blocked, id=9032, stack(0x00007f2c786ff000,0x00007f2c78800000)]
  0x00007f2ca00e50d0 JavaThread "Finalizer" daemon [_thread_blocked, id=9033, stack(0x00007f2c785fe000,0x00007f2c786ff000)]
  0x00007f2ca00eccb0 JavaThread "Signal Dispatcher" daemon [_thread_blocked, id=9034, stack(0x00007f2c780a4000,0x00007f2c781a5000)]
  0x00007f2ca00ee060 JavaThread "Service Thread" daemon [_thread_blocked, id=9035, stack(0x00007f2c63eff000,0x00007f2c64000000)]
  0x00007f2ca00ef470 JavaThread "Monitor Deflation Thread" daemon [_thread_blocked, id=9036, stack(0x00007f2c63dfe000,0x00007f2c63eff000)]
  0x00007f2ca00f0ea0 JavaThread "C2 CompilerThread0" daemon [_thread_blocked, id=9037, stack(0x00007f2c63cfd000,0x00007f2c63dfe000)]
  0x00007f2ca00f23d0 JavaThread "C1 CompilerThread0" daemon [_thread_blocked, id=9038, stack(0x00007f2c63bfc000,0x00007f2c63cfd000)]
  0x00007f2ca00f3840 JavaThread "Sweeper thread" daemon [_thread_blocked, id=9039, stack(0x00007f2c63afb000,0x00007f2c63bfc000)]
  0x00007f2ca00fae60 JavaThread "Notification Thread" daemon [_thread_blocked, id=9040, stack(0x00007f2c639fa000,0x00007f2c63afb000)]
  0x00007f2ca00fe750 JavaThread "Common-Cleaner" daemon [_thread_blocked, id=9042, stack(0x00007f2c637f7000,0x00007f2c638f8000)]
  0x00007f2c4819dd50 JavaThread "C1 CompilerThread1" daemon [_thread_blocked, id=9043, stack(0x00007f2c0098d000,0x00007f2c00a8e000)]

Other Threads:
  0x00007f2ca00dfd70 VMThread "VM Thread" [stack: 0x00007f2c7909f000,0x00007f2c7919f000] [id=9031]
  0x00007f2ca00fc7a0 WatcherThread [stack: 0x00007f2c638fa000,0x00007f2c639fa000] [id=9041]
  0x00007f2ca0044700 GCTaskThread "GC Thread#0" [stack: 0x00007f2ca4081000,0x00007f2ca4181000] [id=9026]
  0x00007f2ca0049bd0 ConcurrentGCThread "G1 Main Marker" [stack: 0x00007f2c8886e000,0x00007f2c8896e000] [id=9027]
  0x00007f2ca004ab40 ConcurrentGCThread "G1 Conc#0" [stack: 0x00007f2c8876c000,0x00007f2c8886c000] [id=9028]
  0x00007f2ca00b76a0 ConcurrentGCThread "G1 Refine#0" [stack: 0x00007f2c793f5000,0x00007f2c794f5000] [id=9029]
  0x00007f2ca00b8590 ConcurrentGCThread "G1 Service" [stack: 0x00007f2c792f3000,0x00007f2c793f3000] [id=9030]

Threads with active compile tasks:

VM state: not at safepoint (normal execution)

VM Mutex/Monitor currently owned by a thread: None

Heap address: 0x00000000e0c00000, size: 500 MB, Compressed Oops mode: 32-bit

CDS archive(s) mapped at: [0x0000000800000000-0x0000000800be3000-0x0000000800be3000), size 12464128, SharedBaseAddress: 0x0000000800000000, ArchiveRelocationMode: 0.
Compressed class space mapped at: 0x0000000800c00000-0x0000000840c00000, reserved size: 1073741824
Narrow klass base: 0x0000000800000000, Narrow klass shift: 0, Narrow klass range: 0x100000000

GC Precious Log:
 CPUs: 24 total, 24 available
 Memory: 2907M
 Large Page Support: Disabled
 NUMA Support: Disabled
 Compressed Oops: Enabled (32-bit)
 Heap Region Size: 1M
 Heap Min Capacity: 8M
 Heap Initial Capacity: 46M
 Heap Max Capacity: 500M
 Pre-touch: Disabled
 Parallel Workers: 18
 Concurrent Workers: 5
 Concurrent Refinement Workers: 18
 Periodic GC: Disabled

Heap:
 garbage-first heap   total 49152K, used 1000K [0x00000000e0c00000, 0x0000000100000000)
  region size 1024K, 1 young (1024K), 0 survivors (0K)
 Metaspace       used 234K, committed 448K, reserved 1056768K
  class space    used 10K, committed 128K, reserved 1048576K

Heap Regions: E=young(eden), S=young(survivor), O=old, HS=humongous(starts), HC=humongous(continues), CS=collection set, F=free, OA=open archive, CA=closed archive, TAMS=top-at-mark-start (previous, next)
|   0|0x00000000e0c00000, 0x00000000e0c00000, 0x00000000e0d00000|  0%| F|  |TAMS 0x00000000e0c00000, 0x00000000e0c00000| Untracked 
|   1|0x00000000e0d00000, 0x00000000e0d00000, 0x00000000e0e00000|  0%| F|  |TAMS 0x00000000e0d00000, 0x00000000e0d00000| Untracked 
|   2|0x00000000e0e00000, 0x00000000e0e00000, 0x00000000e0f00000|  0%| F|  |TAMS 0x00000000e0e00000, 0x00000000e0e00000| Untracked 
|   3|0x00000000e0f00000, 0x00000000e0f00000, 0x00000000e1000000|  0%| F|  |TAMS 0x00000000e0f00000, 0x00000000e0f00000| Untracked 
|   4|0x00000000e1000000, 0x00000000e1000000, 0x00000000e1100000|  0%| F|  |TAMS 0x00000000e1000000, 0x00000000e1000000| Untracked 
|   5|0x00000000e1100000, 0x00000000e1100000, 0x00000000e1200000|  0%| F|  |TAMS 0x00000000e1100000, 0x00000000e1100000| Untracked 
|   6|0x00000000e1200000, 0x00000000e1200000, 0x00000000e1300000|  0%| F|  |TAMS 0x00000000e1200000, 0x00000000e1200000| Untracked 
|   7|0x00000000e1300000, 0x00000000e1300000, 0x00000000e1400000|  0%| F|  |TAMS 0x00000000e1300000, 0x00000000e1300000| Untracked 
|   8|0x00000000e1400000, 0x00000000e1400000, 0x00000000e1500000|  0%| F|  |TAMS 0x00000000e1400000, 0x00000000e1400000| Untracked 
|   9|0x00000000e1500000, 0x00000000e1500000, 0x00000000e1600000|  0%| F|  |TAMS 0x00000000e1500000, 0x00000000e1500000| Untracked 
|  10|0x00000000e1600000, 0x00000000e1600000, 0x00000000e1700000|  0%| F|  |TAMS 0x00000000e1600000, 0x00000000e1600000| Untracked 
|  11|0x00000000e1700000, 0x00000000e1700000, 0x00000000e1800000|  0%| F|  |TAMS 0x00000000e1700000, 0x00000000e1700000| Untracked 
|  12|0x00000000e1800000, 0x00000000e1800000, 0x00000000e1900000|  0%| F|  |TAMS 0x00000000e1800000, 0x00000000e1800000| Untracked 
|  13|0x00000000e1900000, 0x00000000e1900000, 0x00000000e1a00000|  0%| F|  |TAMS 0x00000000e1900000, 0x00000000e1900000| Untracked 
|  14|0x00000000e1a00000, 0x00000000e1a00000, 0x00000000e1b00000|  0%| F|  |TAMS 0x00000000e1a00000, 0x00000000e1a00000| Untracked 
|  15|0x00000000e1b00000, 0x00000000e1b00000, 0x00000000e1c00000|  0%| F|  |TAMS 0x00000000e1b00000, 0x00000000e1b00000| Untracked 
|  16|0x00000000e1c00000, 0x00000000e1c00000, 0x00000000e1d00000|  0%| F|  |TAMS 0x00000000e1c00000, 0x00000000e1c00000| Untracked 
|  17|0x00000000e1d00000, 0x00000000e1d00000, 0x00000000e1e00000|  0%| F|  |TAMS 0x00000000e1d00000, 0x00000000e1d00000| Untracked 
|  18|0x00000000e1e00000, 0x00000000e1e00000, 0x00000000e1f00000|  0%| F|  |TAMS 0x00000000e1e00000, 0x00000000e1e00000| Untracked 
|  19|0x00000000e1f00000, 0x00000000e1f00000, 0x00000000e2000000|  0%| F|  |TAMS 0x00000000e1f00000, 0x00000000e1f00000| Untracked 
|  20|0x00000000e2000000, 0x00000000e2000000, 0x00000000e2100000|  0%| F|  |TAMS 0x00000000e2000000, 0x00000000e2000000| Untracked 
|  21|0x00000000e2100000, 0x00000000e2100000, 0x00000000e2200000|  0%| F|  |TAMS 0x00000000e2100000, 0x00000000e2100000| Untracked 
|  22|0x00000000e2200000, 0x00000000e2200000, 0x00000000e2300000|  0%| F|  |TAMS 0x00000000e2200000, 0x00000000e2200000| Untracked 
|  23|0x00000000e2300000, 0x00000000e2300000, 0x00000000e2400000|  0%| F|  |TAMS 0x00000000e2300000, 0x00000000e2300000| Untracked 
|  24|0x00000000e2400000, 0x00000000e2400000, 0x00000000e2500000|  0%| F|  |TAMS 0x00000000e2400000, 0x00000000e2400000| Untracked 
|  25|0x00000000e2500000, 0x00000000e2500000, 0x00000000e2600000|  0%| F|  |TAMS 0x00000000e2500000, 0x00000000e2500000| Untracked 
|  26|0x00000000e2600000, 0x00000000e2600000, 0x00000000e2700000|  0%| F|  |TAMS 0x00000000e2600000, 0x00000000e2600000| Untracked 
|  27|0x00000000e2700000, 0x00000000e2700000, 0x00000000e2800000|  0%| F|  |TAMS 0x00000000e2700000, 0x00000000e2700000| Untracked 
|  28|0x00000000e2800000, 0x00000000e2800000, 0x00000000e2900000|  0%| F|  |TAMS 0x00000000e2800000, 0x00000000e2800000| Untracked 
|  29|0x00000000e2900000, 0x00000000e2900000, 0x00000000e2a00000|  0%| F|  |TAMS 0x00000000e2900000, 0x00000000e2900000| Untracked 
|  30|0x00000000e2a00000, 0x00000000e2a00000, 0x00000000e2b00000|  0%| F|  |TAMS 0x00000000e2a00000, 0x00000000e2a00000| Untracked 
|  31|0x00000000e2b00000, 0x00000000e2b00000, 0x00000000e2c00000|  0%| F|  |TAMS 0x00000000e2b00000, 0x00000000e2b00000| Untracked 
|  32|0x00000000e2c00000, 0x00000000e2c00000, 0x00000000e2d00000|  0%| F|  |TAMS 0x00000000e2c00000, 0x00000000e2c00000| Untracked 
|  33|0x00000000e2d00000, 0x00000000e2d00000, 0x00000000e2e00000|  0%| F|  |TAMS 0x00000000e2d00000, 0x00000000e2d00000| Untracked 
|  34|0x00000000e2e00000, 0x00000000e2e00000, 0x00000000e2f00000|  0%| F|  |TAMS 0x00000000e2e00000, 0x00000000e2e00000| Untracked 
|  35|0x00000000e2f00000, 0x00000000e2f00000, 0x00000000e3000000|  0%| F|  |TAMS 0x00000000e2f00000, 0x00000000e2f00000| Untracked 
|  36|0x00000000e3000000, 0x00000000e3000000, 0x00000000e3100000|  0%| F|  |TAMS 0x00000000e3000000, 0x00000000e3000000| Untracked 
|  37|0x00000000e3100000, 0x00000000e3100000, 0x00000000e3200000|  0%| F|  |TAMS 0x00000000e3100000, 0x00000000e3100000| Untracked 
|  38|0x00000000e3200000, 0x00000000e3200000, 0x00000000e3300000|  0%| F|  |TAMS 0x00000000e3200000, 0x00000000e3200000| Untracked 
|  39|0x00000000e3300000, 0x00000000e3300000, 0x00000000e3400000|  0%| F|  |TAMS 0x00000000e3300000, 0x00000000e3300000| Untracked 
|  40|0x00000000e3400000, 0x00000000e3400000, 0x00000000e3500000|  0%| F|  |TAMS 0x00000000e3400000, 0x00000000e3400000| Untracked 
|  41|0x00000000e3500000, 0x00000000e3500000, 0x00000000e3600000|  0%| F|  |TAMS 0x00000000e3500000, 0x00000000e3500000| Untracked 
|  42|0x00000000e3600000, 0x00000000e3600000, 0x00000000e3700000|  0%| F|  |TAMS 0x00000000e3600000, 0x00000000e3600000| Untracked 
|  43|0x00000000e3700000, 0x00000000e3700000, 0x00000000e3800000|  0%| F|  |TAMS 0x00000000e3700000, 0x00000000e3700000| Untracked 
|  44|0x00000000e3800000, 0x00000000e3800000, 0x00000000e3900000|  0%| F|  |TAMS 0x00000000e3800000, 0x00000000e3800000| Untracked 
|  45|0x00000000e3900000, 0x00000000e39d70c0, 0x00000000e3a00000| 84%| E|  |TAMS 0x00000000e3900000, 0x00000000e3900000| Complete 
| 498|0x00000000ffe00000, 0x00000000ffe77000, 0x00000000fff00000| 46%|OA|  |TAMS 0x00000000ffe00000, 0x00000000ffe00000| Untracked 
| 499|0x00000000fff00000, 0x00000000fff83000, 0x0000000100000000| 51%|CA|  |TAMS 0x00000000fff00000, 0x00000000fff00000| Untracked 

Card table byte_map: [0x00007f2ca4a8b000,0x00007f2ca4b85000] _byte_map_base: 0x00007f2ca4385000

Marking Bits (Prev, Next): (CMBitMap*) 0x00007f2ca0045180, (CMBitMap*) 0x00007f2ca00451c0
 Prev Bits: [0x00007f2ca41c1000, 0x00007f2ca4991000)
 Next Bits: [0x00007f2c8896e000, 0x00007f2c8913e000)

Polling page: 0x00007f2ca7afb000

Metaspace:

Usage:
  Non-class:    224.30 KB used.
      Class:     10.52 KB used.
       Both:    234.83 KB used.

Virtual space:
  Non-class space:        8.00 MB reserved,     320.00 KB (  4%) committed,  1 nodes.
      Class space:        1.00 GB reserved,     128.00 KB ( <1%) committed,  1 nodes.
             Both:        1.01 GB reserved,     448.00 KB ( <1%) committed. 

Chunk freelists:
   Non-Class:  3.97 MB
       Class:  3.73 MB
        Both:  7.70 MB

MaxMetaspaceSize: unlimited
CompressedClassSpaceSize: 1.00 GB
Initial GC threshold: 21.00 MB
Current GC threshold: 21.00 MB
CDS: on
MetaspaceReclaimPolicy: balanced
 - commit_granule_bytes: 65536.
 - commit_granule_words: 8192.
 - virtual_space_node_default_size: 1048576.
 - enlarge_chunks_in_place: 1.
 - new_chunks_are_fully_committed: 0.
 - uncommit_free_chunks: 1.
 - use_allocation_guard: 0.
 - handle_deallocations: 1.


Internal statistics:

num_allocs_failed_limit: 0.
num_arena_births: 30.
num_arena_deaths: 0.
num_vsnodes_births: 2.
num_vsnodes_deaths: 0.
num_space_committed: 7.
num_space_uncommitted: 0.
num_chunks_returned_to_freelist: 0.
num_chunks_taken_from_freelist: 31.
num_chunk_merges: 0.
num_chunk_splits: 21.
num_chunks_enlarged: 14.
num_purges: 0.
num_inconsistent_stats: 0.

CodeHeap 'non-profiled nmethods': size=119168Kb used=45Kb max_used=45Kb free=119123Kb
 bounds [0x00007f2c90cde000, 0x00007f2c90f4e000, 0x00007f2c9813e000]
CodeHeap 'profiled nmethods': size=119164Kb used=122Kb max_used=122Kb free=119041Kb
 bounds [0x00007f2c8913e000, 0x00007f2c893ae000, 0x00007f2c9059d000]
CodeHeap 'non-nmethods': size=7428Kb used=1633Kb max_used=1633Kb free=5794Kb
 bounds [0x00007f2c9059d000, 0x00007f2c9080d000, 0x00007f2c90cde000]
 total_blobs=448 nmethods=109 adapters=252
 compilation: enabled
              stopped_count=0, restarted_count=0
 full_count=0

Compilation events (20 events):
Event: 0.588 Thread 0x00007f2ca00f23d0 nmethod 65 0x00007f2c90ce5d90 code [0x00007f2c90ce5f20, 0x00007f2c90ce5ff0]
Event: 0.588 Thread 0x00007f2ca00f23d0   78       3       java.lang.invoke.MemberName::testAllFlags (7 bytes)
Event: 0.588 Thread 0x00007f2ca00f23d0 nmethod 78 0x00007f2c8914d890 code [0x00007f2c8914da40, 0x00007f2c8914dc10]
Event: 0.588 Thread 0x00007f2ca00f23d0   82       1       java.lang.invoke.MethodHandle::type (5 bytes)
Event: 0.588 Thread 0x00007f2ca00f23d0 nmethod 82 0x00007f2c90ce6090 code [0x00007f2c90ce6220, 0x00007f2c90ce62f0]
Event: 0.588 Thread 0x00007f2ca00f23d0   80       1       java.lang.invoke.MethodType$ConcurrentWeakInternSet$WeakEntry::hashCode (5 bytes)
Event: 0.588 Thread 0x00007f2ca00f23d0 nmethod 80 0x00007f2c90ce6390 code [0x00007f2c90ce6520, 0x00007f2c90ce65f0]
Event: 0.588 Thread 0x00007f2ca00f23d0   83       1       java.lang.invoke.MethodTypeForm::parameterSlotCount (5 bytes)
Event: 0.588 Thread 0x00007f2ca00f23d0 nmethod 83 0x00007f2c90ce6690 code [0x00007f2c90ce6820, 0x00007f2c90ce68f0]
Event: 0.588 Thread 0x00007f2ca00f23d0   85       3       java.lang.invoke.LambdaForm::argument (27 bytes)
Event: 0.588 Thread 0x00007f2ca00f23d0 nmethod 85 0x00007f2c8914dd10 code [0x00007f2c8914dee0, 0x00007f2c8914e140]
Event: 0.588 Thread 0x00007f2ca00f23d0   89       3       java.lang.invoke.LambdaForm$Name::initIndex (26 bytes)
Event: 0.588 Thread 0x00007f2ca00f23d0 nmethod 89 0x00007f2c8914e290 code [0x00007f2c8914e440, 0x00007f2c8914e5f0]
Event: 0.588 Thread 0x00007f2ca00f23d0   87       3       java.lang.Class::getName (18 bytes)
Event: 0.588 Thread 0x00007f2ca00f23d0 nmethod 87 0x00007f2c8914e690 code [0x00007f2c8914e840, 0x00007f2c8914e9c0]
Event: 0.588 Thread 0x00007f2ca00f23d0   90       3       java.lang.String::<init> (15 bytes)
Event: 0.588 Thread 0x00007f2ca00f23d0 nmethod 90 0x00007f2c8914ea90 code [0x00007f2c8914ec40, 0x00007f2c8914edf0]
Event: 0.588 Thread 0x00007f2ca00f23d0   91       3       java.lang.StringLatin1::indexOfChar (33 bytes)
Event: 0.588 Thread 0x00007f2ca00f23d0 nmethod 91 0x00007f2c8914ee90 code [0x00007f2c8914f040, 0x00007f2c8914f270]
Event: 0.588 Thread 0x00007f2ca00f23d0   92       3       jdk.internal.org.objectweb.asm.Frame::execute (2305 bytes)

GC Heap History (0 events):
No events

Dll operation events (4 events):
Event: 0.002 Loaded shared library /usr/lib/jvm/java-17-openjdk-amd64/lib/libjava.so
Event: 0.002 Loaded shared library /usr/lib/jvm/java-17-openjdk-amd64/lib/libzip.so
Event: 0.005 Loaded shared library /usr/lib/jvm/java-17-openjdk-amd64/lib/libjsvml.so
Event: 0.022 Loaded shared library /mnt/c/Users/MarkB/projects/ProjectsIdea/optimization_java/task4/src/main/java/libnative.so

Deoptimization events (0 events):
No events

Classes unloaded (0 events):
No events

Classes redefined (0 events):
No events

Internal exceptions (0 events):
No events

VM Operations (0 events):
No events

Events (20 events):
Event: 0.008 Thread 0x00007f2ca00f0ea0 Thread added: 0x00007f2ca00f0ea0
Event: 0.008 Protecting memory [0x00007f2c63cfd000,0x00007f2c63d01000] with protection modes 0
Event: 0.008 Thread 0x00007f2ca00f23d0 Thread added: 0x00007f2ca00f23d0
Event: 0.008 Protecting memory [0x00007f2c63bfc000,0x00007f2c63c00000] with protection modes 0
Event: 0.008 Thread 0x00007f2ca00f3840 Thread added: 0x00007f2ca00f3840
Event: 0.009 Protecting memory [0x00007f2c63afb000,0x00007f2c63aff000] with protection modes 0
Event: 0.011 Thread 0x00007f2ca00fae60 Thread added: 0x00007f2ca00fae60
Event: 0.011 Protecting memory [0x00007f2c639fa000,0x00007f2c639fe000] with protection modes 0
Event: 0.011 loading class jdk/internal/vm/PostVMInitHook
Event: 0.011 loading class jdk/internal/vm/PostVMInitHook done
Event: 0.012 loading class Main
Event: 0.012 loading class Main done
Event: 0.012 loading class jdk/internal/loader/URLClassPath$FileLoader
Event: 0.012 loading class jdk/internal/loader/URLClassPath$FileLoader done
Event: 0.014 loading class jdk/internal/loader/URLClassPath$FileLoader$1
Event: 0.014 loading class jdk/internal/loader/URLClassPath$FileLoader$1 done
Event: 0.015 Thread 0x00007f2ca00fe750 Thread added: 0x00007f2ca00fe750
Event: 0.015 Protecting memory [0x00007f2c637f7000,0x00007f2c637fb000] with protection modes 0
Event: 0.016 loading class java/lang/InterruptedException
Event: 0.016 loading class java/lang/InterruptedException done


Dynamic libraries:
e0c00000-e3a00000 rw-p 00000000 00:00 0 
e3a00000-ffe00000 ---p 00000000 00:00 0 
ffe00000-ffe77000 rw-p 00c9f000 08:20 141592                             /usr/lib/jvm/java-17-openjdk-amd64/lib/server/classes.jsa
ffe77000-fff00000 rw-p 00000000 00:00 0 
fff00000-fff83000 rw-p 00c1c000 08:20 141592                             /usr/lib/jvm/java-17-openjdk-amd64/lib/server/classes.jsa
fff83000-100000000 rw-p 00000000 00:00 0 
800000000-800459000 rw-p 00001000 08:20 141592                           /usr/lib/jvm/java-17-openjdk-amd64/lib/server/classes.jsa
800459000-800be3000 r--p 0045a000 08:20 141592                           /usr/lib/jvm/java-17-openjdk-amd64/lib/server/classes.jsa
800be3000-800c00000 ---p 00000000 00:00 0 
800c00000-800c10000 rw-p 00000000 00:00 0 
800c10000-800c40000 ---p 00000000 00:00 0 
800c40000-800c50000 rw-p 00000000 00:00 0 
800c50000-840c00000 ---p 00000000 00:00 0 
55de83d34000-55de83d35000 r--p 00000000 08:20 141440                     /usr/lib/jvm/java-17-openjdk-amd64/bin/java
55de83d35000-55de83d36000 r-xp 00001000 08:20 141440                     /usr/lib/jvm/java-17-openjdk-amd64/bin/java
55de83d36000-55de83d37000 r--p 00002000 08:20 141440                     /usr/lib/jvm/java-17-openjdk-amd64/bin/java
55de83d37000-55de83d38000 r--p 00002000 08:20 141440                     /usr/lib/jvm/java-17-openjdk-amd64/bin/java
55de83d38000-55de83d39000 rw-p 00003000 08:20 141440                     /usr/lib/jvm/java-17-openjdk-amd64/bin/java
55de846b8000-55de846fe000 rw-p 00000000 00:00 0                          [heap]
7f2bfc000000-7f2bfc021000 rw-p 00000000 00:00 0 
7f2bfc021000-7f2c00000000 ---p 00000000 00:00 0 
7f2c0098d000-7f2c00991000 ---p 00000000 00:00 0 
7f2c00991000-7f2c38000000 rw-p 00000000 00:00 0 
7f2c38000000-7f2c38021000 rw-p 00000000 00:00 0 
7f2c38021000-7f2c3c000000 ---p 00000000 00:00 0 
7f2c3c0c1000-7f2c40000000 rw-p 00000000 00:00 0 
7f2c40000000-7f2c40021000 rw-p 00000000 00:00 0 
7f2c40021000-7f2c44000000 ---p 00000000 00:00 0 
7f2c44000000-7f2c44021000 rw-p 00000000 00:00 0 
7f2c44021000-7f2c48000000 ---p 00000000 00:00 0 
7f2c48000000-7f2c481a1000 rw-p 00000000 00:00 0 
7f2c481a1000-7f2c4c000000 ---p 00000000 00:00 0 
7f2c4c000000-7f2c4c021000 rw-p 00000000 00:00 0 
7f2c4c021000-7f2c50000000 ---p 00000000 00:00 0 
7f2c50000000-7f2c50021000 rw-p 00000000 00:00 0 
7f2c50021000-7f2c54000000 ---p 00000000 00:00 0 
7f2c54000000-7f2c5405e000 rw-p 00000000 00:00 0 
7f2c5405e000-7f2c58000000 ---p 00000000 00:00 0 
7f2c58000000-7f2c58021000 rw-p 00000000 00:00 0 
7f2c58021000-7f2c5c000000 ---p 00000000 00:00 0 
7f2c5c000000-7f2c5c021000 rw-p 00000000 00:00 0 
7f2c5c021000-7f2c60000000 ---p 00000000 00:00 0 
7f2c600c0000-7f2c637f7000 rw-p 00000000 00:00 0 
7f2c637f7000-7f2c637fb000 ---p 00000000 00:00 0 
7f2c637fb000-7f2c638f8000 rw-p 00000000 00:00 0 
7f2c638f8000-7f2c638f9000 ---p 00000000 00:00 0 
7f2c638f9000-7f2c639fa000 rw-p 00000000 00:00 0 
7f2c639fa000-7f2c639fe000 ---p 00000000 00:00 0 
7f2c639fe000-7f2c63afb000 rw-p 00000000 00:00 0 
7f2c63afb000-7f2c63aff000 ---p 00000000 00:00 0 
7f2c63aff000-7f2c63bfc000 rw-p 00000000 00:00 0 
7f2c63bfc000-7f2c63c00000 ---p 00000000 00:00 0 
7f2c63c00000-7f2c63cfd000 rw-p 00000000 00:00 0 
7f2c63cfd000-7f2c63d01000 ---p 00000000 00:00 0 
7f2c63d01000-7f2c63dfe000 rw-p 00000000 00:00 0 
7f2c63dfe000-7f2c63e02000 ---p 00000000 00:00 0 
7f2c63e02000-7f2c63eff000 rw-p 00000000 00:00 0 
7f2c63eff000-7f2c63f03000 ---p 00000000 00:00 0 
7f2c63f03000-7f2c64000000 rw-p 00000000 00:00 0 
7f2c64000000-7f2c64021000 rw-p 00000000 00:00 0 
7f2c64021000-7f2c68000000 ---p 00000000 00:00 0 
7f2c68000000-7f2c68021000 rw-p 00000000 00:00 0 
7f2c68021000-7f2c6c000000 ---p 00000000 00:00 0 
7f2c6c000000-7f2c6c021000 rw-p 00000000 00:00 0 
7f2c6c021000-7f2c70000000 ---p 00000000 00:00 0 
7f2c70000000-7f2c70021000 rw-p 00000000 00:00 0 
7f2c70021000-7f2c74000000 ---p 00000000 00:00 0 
7f2c74000000-7f2c74021000 rw-p 00000000 00:00 0 
7f2c74021000-7f2c78000000 ---p 00000000 00:00 0 
7f2c780a4000-7f2c780a8000 ---p 00000000 00:00 0 
7f2c780a8000-7f2c781a5000 rw-p 00000000 00:00 0 
7f2c781a5000-7f2c78318000 r--p 00000000 08:20 26381                      /usr/lib/locale/C.UTF-8/LC_COLLATE
7f2c78318000-7f2c785fe000 r--p 00000000 08:20 18413                      /usr/lib/locale/locale-archive
7f2c785fe000-7f2c78602000 ---p 00000000 00:00 0 
7f2c78602000-7f2c786ff000 rw-p 00000000 00:00 0 
7f2c786ff000-7f2c78703000 ---p 00000000 00:00 0 
7f2c78703000-7f2c78840000 rw-p 00000000 00:00 0 
7f2c78840000-7f2c78c00000 ---p 00000000 00:00 0 
7f2c78c00000-7f2c78c10000 rw-p 00000000 00:00 0 
7f2c78c10000-7f2c79000000 ---p 00000000 00:00 0 
7f2c7906b000-7f2c7909d000 r--p 00000000 08:20 26382                      /usr/lib/locale/C.UTF-8/LC_CTYPE
7f2c7909d000-7f2c7909e000 ---p 00000000 00:00 0 
7f2c7909e000-7f2c7919f000 rw-p 00000000 00:00 0 
7f2c7919f000-7f2c791a4000 r--p 00000000 08:20 141574                     /usr/lib/jvm/java-17-openjdk-amd64/lib/libjsvml.so
7f2c791a4000-7f2c791e5000 r-xp 00005000 08:20 141574                     /usr/lib/jvm/java-17-openjdk-amd64/lib/libjsvml.so
7f2c791e5000-7f2c7926e000 r--p 00046000 08:20 141574                     /usr/lib/jvm/java-17-openjdk-amd64/lib/libjsvml.so
7f2c7926e000-7f2c7926f000 r--p 000ce000 08:20 141574                     /usr/lib/jvm/java-17-openjdk-amd64/lib/libjsvml.so
7f2c7926f000-7f2c79270000 rw-p 000cf000 08:20 141574                     /usr/lib/jvm/java-17-openjdk-amd64/lib/libjsvml.so
7f2c79270000-7f2c792f1000 rw-p 00000000 00:00 0 
7f2c792f1000-7f2c792f2000 ---p 00000000 00:00 0 
7f2c792f2000-7f2c793f3000 rw-p 00000000 00:00 0 
7f2c793f3000-7f2c793f4000 ---p 00000000 00:00 0 
7f2c793f4000-7f2c7c000000 rw-p 00000000 00:00 0 
7f2c7c000000-7f2c7c021000 rw-p 00000000 00:00 0 
7f2c7c021000-7f2c80000000 ---p 00000000 00:00 0 
7f2c80000000-7f2c80021000 rw-p 00000000 00:00 0 
7f2c80021000-7f2c84000000 ---p 00000000 00:00 0 
7f2c84000000-7f2c84021000 rw-p 00000000 00:00 0 
7f2c84021000-7f2c88000000 ---p 00000000 00:00 0 
7f2c88008000-7f2c8876a000 rw-p 00000000 00:00 0 
7f2c8876a000-7f2c8876b000 ---p 00000000 00:00 0 
7f2c8876b000-7f2c8886c000 rw-p 00000000 00:00 0 
7f2c8886c000-7f2c8886d000 ---p 00000000 00:00 0 
7f2c8886d000-7f2c88a26000 rw-p 00000000 00:00 0 
7f2c88a26000-7f2c89136000 ---p 00000000 00:00 0 
7f2c89136000-7f2c8913e000 rw-p 00000000 00:00 0 
7f2c8913e000-7f2c893ae000 rwxp 00000000 00:00 0 
7f2c893ae000-7f2c9059d000 ---p 00000000 00:00 0 
7f2c9059d000-7f2c9080d000 rwxp 00000000 00:00 0 
7f2c9080d000-7f2c90cde000 ---p 00000000 00:00 0 
7f2c90cde000-7f2c90f4e000 rwxp 00000000 00:00 0 
7f2c90f4e000-7f2c9813e000 ---p 00000000 00:00 0 
7f2c9813e000-7f2ca0000000 r--s 00000000 08:20 141589                     /usr/lib/jvm/java-17-openjdk-amd64/lib/modules
7f2ca0000000-7f2ca0134000 rw-p 00000000 00:00 0 
7f2ca0134000-7f2ca4000000 ---p 00000000 00:00 0 
7f2ca402b000-7f2ca402c000 r--p 00000000 00:48 27866022694451501          /mnt/c/Users/MarkB/projects/ProjectsIdea/optimization_java/task4/src/main/java/libnative.so
7f2ca402c000-7f2ca402d000 r-xp 00001000 00:48 27866022694451501          /mnt/c/Users/MarkB/projects/ProjectsIdea/optimization_java/task4/src/main/java/libnative.so
7f2ca402d000-7f2ca402e000 r--p 00002000 00:48 27866022694451501          /mnt/c/Users/MarkB/projects/ProjectsIdea/optimization_java/task4/src/main/java/libnative.so
7f2ca402e000-7f2ca402f000 r--p 00002000 00:48 27866022694451501          /mnt/c/Users/MarkB/projects/ProjectsIdea/optimization_java/task4/src/main/java/libnative.so
7f2ca402f000-7f2ca4030000 rw-p 00003000 00:48 27866022694451501          /mnt/c/Users/MarkB/projects/ProjectsIdea/optimization_java/task4/src/main/java/libnative.so
7f2ca4030000-7f2ca4031000 r--p 00000000 08:20 26388                      /usr/lib/locale/C.UTF-8/LC_NUMERIC
7f2ca4031000-7f2ca4032000 r--p 00000000 08:20 26391                      /usr/lib/locale/C.UTF-8/LC_TIME
7f2ca4032000-7f2ca4033000 r--p 00000000 08:20 26386                      /usr/lib/locale/C.UTF-8/LC_MONETARY
7f2ca4033000-7f2ca4034000 r--p 00000000 08:20 26385                      /usr/lib/locale/C.UTF-8/LC_MESSAGES/SYS_LC_MESSAGES
7f2ca4034000-7f2ca4035000 r--p 00000000 08:20 26389                      /usr/lib/locale/C.UTF-8/LC_PAPER
7f2ca4035000-7f2ca4036000 r--p 00000000 08:20 26387                      /usr/lib/locale/C.UTF-8/LC_NAME
7f2ca4036000-7f2ca4037000 r--p 00000000 08:20 26380                      /usr/lib/locale/C.UTF-8/LC_ADDRESS
7f2ca4037000-7f2ca403e000 r--s 00000000 08:20 47712                      /usr/lib/x86_64-linux-gnu/gconv/gconv-modules.cache
7f2ca403e000-7f2ca407f000 rw-p 00000000 00:00 0 
7f2ca407f000-7f2ca4080000 ---p 00000000 00:00 0 
7f2ca4080000-7f2ca4279000 rw-p 00000000 00:00 0 
7f2ca4279000-7f2ca4989000 ---p 00000000 00:00 0 
7f2ca4989000-7f2ca49a8000 rw-p 00000000 00:00 0 
7f2ca49a8000-7f2ca4a8a000 ---p 00000000 00:00 0 
7f2ca4a8a000-7f2ca4aa2000 rw-p 00000000 00:00 0 
7f2ca4aa2000-7f2ca4b84000 ---p 00000000 00:00 0 
7f2ca4b84000-7f2ca4b9c000 rw-p 00000000 00:00 0 
7f2ca4b9c000-7f2ca4c7e000 ---p 00000000 00:00 0 
7f2ca4c7e000-7f2ca5e96000 rw-p 00000000 00:00 0 
7f2ca5e96000-7f2ca5f7a000 ---p 00000000 00:00 0 
7f2ca5f7a000-7f2ca5f7f000 rw-p 00000000 00:00 0 
7f2ca5f7f000-7f2ca6063000 ---p 00000000 00:00 0 
7f2ca6063000-7f2ca6068000 rw-p 00000000 00:00 0 
7f2ca6068000-7f2ca6072000 ---p 00000000 00:00 0 
7f2ca6072000-7f2ca6074000 r--p 00000000 08:20 141588                     /usr/lib/jvm/java-17-openjdk-amd64/lib/libzip.so
7f2ca6074000-7f2ca6079000 r-xp 00002000 08:20 141588                     /usr/lib/jvm/java-17-openjdk-amd64/lib/libzip.so
7f2ca6079000-7f2ca607b000 r--p 00007000 08:20 141588                     /usr/lib/jvm/java-17-openjdk-amd64/lib/libzip.so
7f2ca607b000-7f2ca607c000 r--p 00008000 08:20 141588                     /usr/lib/jvm/java-17-openjdk-amd64/lib/libzip.so
7f2ca607c000-7f2ca607d000 rw-p 00009000 08:20 141588                     /usr/lib/jvm/java-17-openjdk-amd64/lib/libzip.so
7f2ca607d000-7f2ca6089000 r--p 00000000 08:20 141567                     /usr/lib/jvm/java-17-openjdk-amd64/lib/libjava.so
7f2ca6089000-7f2ca609c000 r-xp 0000c000 08:20 141567                     /usr/lib/jvm/java-17-openjdk-amd64/lib/libjava.so
7f2ca609c000-7f2ca60a2000 r--p 0001f000 08:20 141567                     /usr/lib/jvm/java-17-openjdk-amd64/lib/libjava.so
7f2ca60a2000-7f2ca60a3000 ---p 00025000 08:20 141567                     /usr/lib/jvm/java-17-openjdk-amd64/lib/libjava.so
7f2ca60a3000-7f2ca60a4000 r--p 00025000 08:20 141567                     /usr/lib/jvm/java-17-openjdk-amd64/lib/libjava.so
7f2ca60a4000-7f2ca60a5000 rw-p 00026000 08:20 141567                     /usr/lib/jvm/java-17-openjdk-amd64/lib/libjava.so
7f2ca60a5000-7f2ca60a6000 rw-p 00000000 00:00 0 
7f2ca60a6000-7f2ca60a9000 r--p 00000000 08:20 27385                      /usr/lib/x86_64-linux-gnu/libnss_files-2.31.so
7f2ca60a9000-7f2ca60b0000 r-xp 00003000 08:20 27385                      /usr/lib/x86_64-linux-gnu/libnss_files-2.31.so
7f2ca60b0000-7f2ca60b2000 r--p 0000a000 08:20 27385                      /usr/lib/x86_64-linux-gnu/libnss_files-2.31.so
7f2ca60b2000-7f2ca60b3000 r--p 0000b000 08:20 27385                      /usr/lib/x86_64-linux-gnu/libnss_files-2.31.so
7f2ca60b3000-7f2ca60b4000 rw-p 0000c000 08:20 27385                      /usr/lib/x86_64-linux-gnu/libnss_files-2.31.so
7f2ca60b4000-7f2ca60ba000 rw-p 00000000 00:00 0 
7f2ca60ba000-7f2ca60bb000 r--p 00000000 08:20 26390                      /usr/lib/locale/C.UTF-8/LC_TELEPHONE
7f2ca60bb000-7f2ca60bc000 r--p 00000000 08:20 26384                      /usr/lib/locale/C.UTF-8/LC_MEASUREMENT
7f2ca60bc000-7f2ca60be000 r--s 0000c000 08:20 140579                     /usr/share/java/java-atk-wrapper.jar
7f2ca60be000-7f2ca60c6000 rw-s 00000000 08:20 197566                     /tmp/hsperfdata_alowator/9024
7f2ca60c6000-7f2ca60ca000 ---p 00000000 00:00 0 
7f2ca60ca000-7f2ca61c7000 rw-p 00000000 00:00 0 
7f2ca61c7000-7f2ca61ca000 r--p 00000000 08:20 1155                       /usr/lib/x86_64-linux-gnu/libgcc_s.so.1
7f2ca61ca000-7f2ca61dc000 r-xp 00003000 08:20 1155                       /usr/lib/x86_64-linux-gnu/libgcc_s.so.1
7f2ca61dc000-7f2ca61e0000 r--p 00015000 08:20 1155                       /usr/lib/x86_64-linux-gnu/libgcc_s.so.1
7f2ca61e0000-7f2ca61e1000 r--p 00018000 08:20 1155                       /usr/lib/x86_64-linux-gnu/libgcc_s.so.1
7f2ca61e1000-7f2ca61e2000 rw-p 00019000 08:20 1155                       /usr/lib/x86_64-linux-gnu/libgcc_s.so.1
7f2ca61e2000-7f2ca61ef000 r--p 00000000 08:20 2661                       /usr/lib/x86_64-linux-gnu/libm-2.31.so
7f2ca61ef000-7f2ca6296000 r-xp 0000d000 08:20 2661                       /usr/lib/x86_64-linux-gnu/libm-2.31.so
7f2ca6296000-7f2ca632f000 r--p 000b4000 08:20 2661                       /usr/lib/x86_64-linux-gnu/libm-2.31.so
7f2ca632f000-7f2ca6330000 r--p 0014c000 08:20 2661                       /usr/lib/x86_64-linux-gnu/libm-2.31.so
7f2ca6330000-7f2ca6331000 rw-p 0014d000 08:20 2661                       /usr/lib/x86_64-linux-gnu/libm-2.31.so
7f2ca6331000-7f2ca63c7000 r--p 00000000 08:20 3335                       /usr/lib/x86_64-linux-gnu/libstdc++.so.6.0.28
7f2ca63c7000-7f2ca64b8000 r-xp 00096000 08:20 3335                       /usr/lib/x86_64-linux-gnu/libstdc++.so.6.0.28
7f2ca64b8000-7f2ca6501000 r--p 00187000 08:20 3335                       /usr/lib/x86_64-linux-gnu/libstdc++.so.6.0.28
7f2ca6501000-7f2ca6502000 ---p 001d0000 08:20 3335                       /usr/lib/x86_64-linux-gnu/libstdc++.so.6.0.28
7f2ca6502000-7f2ca650d000 r--p 001d0000 08:20 3335                       /usr/lib/x86_64-linux-gnu/libstdc++.so.6.0.28
7f2ca650d000-7f2ca6510000 rw-p 001db000 08:20 3335                       /usr/lib/x86_64-linux-gnu/libstdc++.so.6.0.28
7f2ca6510000-7f2ca6513000 rw-p 00000000 00:00 0 
7f2ca6513000-7f2ca6763000 r--p 00000000 08:20 141595                     /usr/lib/jvm/java-17-openjdk-amd64/lib/server/libjvm.so
7f2ca6763000-7f2ca74f4000 r-xp 00250000 08:20 141595                     /usr/lib/jvm/java-17-openjdk-amd64/lib/server/libjvm.so
7f2ca74f4000-7f2ca777a000 r--p 00fe1000 08:20 141595                     /usr/lib/jvm/java-17-openjdk-amd64/lib/server/libjvm.so
7f2ca777a000-7f2ca777b000 ---p 01267000 08:20 141595                     /usr/lib/jvm/java-17-openjdk-amd64/lib/server/libjvm.so
7f2ca777b000-7f2ca7833000 r--p 01267000 08:20 141595                     /usr/lib/jvm/java-17-openjdk-amd64/lib/server/libjvm.so
7f2ca7833000-7f2ca7868000 rw-p 0131f000 08:20 141595                     /usr/lib/jvm/java-17-openjdk-amd64/lib/server/libjvm.so
7f2ca7868000-7f2ca78c3000 rw-p 00000000 00:00 0 
7f2ca78c3000-7f2ca78c9000 r--p 00000000 08:20 30478                      /usr/lib/x86_64-linux-gnu/libpthread-2.31.so
7f2ca78c9000-7f2ca78da000 r-xp 00006000 08:20 30478                      /usr/lib/x86_64-linux-gnu/libpthread-2.31.so
7f2ca78da000-7f2ca78e0000 r--p 00017000 08:20 30478                      /usr/lib/x86_64-linux-gnu/libpthread-2.31.so
7f2ca78e0000-7f2ca78e1000 r--p 0001c000 08:20 30478                      /usr/lib/x86_64-linux-gnu/libpthread-2.31.so
7f2ca78e1000-7f2ca78e2000 rw-p 0001d000 08:20 30478                      /usr/lib/x86_64-linux-gnu/libpthread-2.31.so
7f2ca78e2000-7f2ca78e6000 rw-p 00000000 00:00 0 
7f2ca78e6000-7f2ca78e7000 r--p 00000000 08:20 2660                       /usr/lib/x86_64-linux-gnu/libdl-2.31.so
7f2ca78e7000-7f2ca78e9000 r-xp 00001000 08:20 2660                       /usr/lib/x86_64-linux-gnu/libdl-2.31.so
7f2ca78e9000-7f2ca78ea000 r--p 00003000 08:20 2660                       /usr/lib/x86_64-linux-gnu/libdl-2.31.so
7f2ca78ea000-7f2ca78eb000 r--p 00003000 08:20 2660                       /usr/lib/x86_64-linux-gnu/libdl-2.31.so
7f2ca78eb000-7f2ca78ec000 rw-p 00004000 08:20 2660                       /usr/lib/x86_64-linux-gnu/libdl-2.31.so
7f2ca78ec000-7f2ca78ee000 r--p 00000000 08:20 35535                      /usr/lib/x86_64-linux-gnu/libz.so.1.2.11
7f2ca78ee000-7f2ca78ff000 r-xp 00002000 08:20 35535                      /usr/lib/x86_64-linux-gnu/libz.so.1.2.11
7f2ca78ff000-7f2ca7905000 r--p 00013000 08:20 35535                      /usr/lib/x86_64-linux-gnu/libz.so.1.2.11
7f2ca7905000-7f2ca7906000 ---p 00019000 08:20 35535                      /usr/lib/x86_64-linux-gnu/libz.so.1.2.11
7f2ca7906000-7f2ca7907000 r--p 00019000 08:20 35535                      /usr/lib/x86_64-linux-gnu/libz.so.1.2.11
7f2ca7907000-7f2ca7908000 rw-p 0001a000 08:20 35535                      /usr/lib/x86_64-linux-gnu/libz.so.1.2.11
7f2ca7908000-7f2ca792a000 r--p 00000000 08:20 2362                       /usr/lib/x86_64-linux-gnu/libc-2.31.so
7f2ca792a000-7f2ca7aa2000 r-xp 00022000 08:20 2362                       /usr/lib/x86_64-linux-gnu/libc-2.31.so
7f2ca7aa2000-7f2ca7af0000 r--p 0019a000 08:20 2362                       /usr/lib/x86_64-linux-gnu/libc-2.31.so
7f2ca7af0000-7f2ca7af4000 r--p 001e7000 08:20 2362                       /usr/lib/x86_64-linux-gnu/libc-2.31.so
7f2ca7af4000-7f2ca7af6000 rw-p 001eb000 08:20 2362                       /usr/lib/x86_64-linux-gnu/libc-2.31.so
7f2ca7af6000-7f2ca7afa000 rw-p 00000000 00:00 0 
7f2ca7afa000-7f2ca7afb000 r--p 00000000 08:20 26383                      /usr/lib/locale/C.UTF-8/LC_IDENTIFICATION
7f2ca7afb000-7f2ca7afc000 ---p 00000000 00:00 0 
7f2ca7afc000-7f2ca7afd000 r--p 00000000 00:00 0 
7f2ca7afd000-7f2ca7aff000 r--p 00000000 08:20 141570                     /usr/lib/jvm/java-17-openjdk-amd64/lib/libjimage.so
7f2ca7aff000-7f2ca7b02000 r-xp 00002000 08:20 141570                     /usr/lib/jvm/java-17-openjdk-amd64/lib/libjimage.so
7f2ca7b02000-7f2ca7b03000 r--p 00005000 08:20 141570                     /usr/lib/jvm/java-17-openjdk-amd64/lib/libjimage.so
7f2ca7b03000-7f2ca7b04000 ---p 00006000 08:20 141570                     /usr/lib/jvm/java-17-openjdk-amd64/lib/libjimage.so
7f2ca7b04000-7f2ca7b05000 r--p 00006000 08:20 141570                     /usr/lib/jvm/java-17-openjdk-amd64/lib/libjimage.so
7f2ca7b05000-7f2ca7b06000 rw-p 00007000 08:20 141570                     /usr/lib/jvm/java-17-openjdk-amd64/lib/libjimage.so
7f2ca7b06000-7f2ca7b08000 r--p 00000000 08:20 141571                     /usr/lib/jvm/java-17-openjdk-amd64/lib/libjli.so
7f2ca7b08000-7f2ca7b12000 r-xp 00002000 08:20 141571                     /usr/lib/jvm/java-17-openjdk-amd64/lib/libjli.so
7f2ca7b12000-7f2ca7b15000 r--p 0000c000 08:20 141571                     /usr/lib/jvm/java-17-openjdk-amd64/lib/libjli.so
7f2ca7b15000-7f2ca7b16000 ---p 0000f000 08:20 141571                     /usr/lib/jvm/java-17-openjdk-amd64/lib/libjli.so
7f2ca7b16000-7f2ca7b17000 r--p 0000f000 08:20 141571                     /usr/lib/jvm/java-17-openjdk-amd64/lib/libjli.so
7f2ca7b17000-7f2ca7b18000 rw-p 00010000 08:20 141571                     /usr/lib/jvm/java-17-openjdk-amd64/lib/libjli.so
7f2ca7b18000-7f2ca7b1a000 rw-p 00000000 00:00 0 
7f2ca7b1a000-7f2ca7b1b000 r--p 00000000 08:20 2317                       /usr/lib/x86_64-linux-gnu/ld-2.31.so
7f2ca7b1b000-7f2ca7b3e000 r-xp 00001000 08:20 2317                       /usr/lib/x86_64-linux-gnu/ld-2.31.so
7f2ca7b3e000-7f2ca7b46000 r--p 00024000 08:20 2317                       /usr/lib/x86_64-linux-gnu/ld-2.31.so
7f2ca7b46000-7f2ca7b47000 ---p 00000000 00:00 0 
7f2ca7b47000-7f2ca7b48000 r--p 0002c000 08:20 2317                       /usr/lib/x86_64-linux-gnu/ld-2.31.so
7f2ca7b48000-7f2ca7b49000 rw-p 0002d000 08:20 2317                       /usr/lib/x86_64-linux-gnu/ld-2.31.so
7f2ca7b49000-7f2ca7b4a000 rw-p 00000000 00:00 0 
7ffe48b8e000-7ffe48bb0000 rw-p 00000000 00:00 0                          [stack]
7ffe48bc5000-7ffe48bc9000 r--p 00000000 00:00 0                          [vvar]
7ffe48bc9000-7ffe48bcb000 r-xp 00000000 00:00 0                          [vdso]


VM Arguments:
jvm_args: -Djava.library.path=/mnt/c/Users/MarkB/projects/ProjectsIdea/optimization_java/task4/src/main/java -Xmx500m 
java_command: Main
java_class_path (initial): .
Launcher Type: SUN_STANDARD

[Global flags]
     intx CICompilerCount                          = 12                                        {product} {ergonomic}
     uint ConcGCThreads                            = 5                                         {product} {ergonomic}
     uint G1ConcRefinementThreads                  = 18                                        {product} {ergonomic}
   size_t G1HeapRegionSize                         = 1048576                                   {product} {ergonomic}
    uintx GCDrainStackTargetSize                   = 64                                        {product} {ergonomic}
   size_t InitialHeapSize                          = 48234496                                  {product} {ergonomic}
   size_t MarkStackSize                            = 4194304                                   {product} {ergonomic}
   size_t MaxHeapSize                              = 524288000                                 {product} {command line}
   size_t MaxNewSize                               = 314572800                                 {product} {ergonomic}
   size_t MinHeapDeltaBytes                        = 1048576                                   {product} {ergonomic}
   size_t MinHeapSize                              = 8388608                                   {product} {ergonomic}
    uintx NonNMethodCodeHeapSize                   = 7602480                                {pd product} {ergonomic}
    uintx NonProfiledCodeHeapSize                  = 122027880                              {pd product} {ergonomic}
    uintx ProfiledCodeHeapSize                     = 122027880                              {pd product} {ergonomic}
    uintx ReservedCodeCacheSize                    = 251658240                              {pd product} {ergonomic}
     bool SegmentedCodeCache                       = true                                      {product} {ergonomic}
   size_t SoftMaxHeapSize                          = 524288000                              {manageable} {ergonomic}
     bool UseCompressedClassPointers               = true                           {product lp64_product} {ergonomic}
     bool UseCompressedOops                        = true                           {product lp64_product} {ergonomic}
     bool UseG1GC                                  = true                                      {product} {ergonomic}

Logging:
Log output configuration:
 #0: stdout all=warning uptime,level,tags
 #1: stderr all=off uptime,level,tags

Environment Variables:
PATH=/home/alowator/.local/bin:/usr/local/sbin:/usr/local/bin:/usr/sbin:/usr/bin:/sbin:/bin:/usr/games:/usr/local/games:/usr/lib/wsl/lib:/mnt/c/Program Files/NVIDIA GPU Computing Toolkit/CUDA/v11.8/bin:/mnt/c/Program Files/NVIDIA GPU Computing Toolkit/CUDA/v11.8/libnvvp:/mnt/c/Windows/system32:/mnt/c/Windows:/mnt/c/Windows/System32/Wbem:/mnt/c/Windows/System32/WindowsPowerShell/v1.0/:/mnt/c/Windows/System32/OpenSSH/:/mnt/c/Program Files/Git/cmd:/mnt/c/Windows/System32:/mnt/c/Program Files/nodejs/:/mnt/c/Program Files (x86)/NVIDIA Corporation/PhysX/Common:/mnt/c/Program Files/dotnet/:/mnt/c/Program Files/PuTTY/:/mnt/c/WINDOWS/system32:/mnt/c/WINDOWS:/mnt/c/WINDOWS/System32/Wbem:/mnt/c/WINDOWS/System32/WindowsPowerShell/v1.0/:/mnt/c/WINDOWS/System32/OpenSSH/:/mnt/c/Program Files/TortoiseSVN/bin:/mnt/c/ProgramData/chocolatey/bin:/mnt/c/Strawberry/c/bin/spin:/mnt/c/graphviz/bin:/mnt/c/Program Files/NVIDIA Corporation/NVIDIA NvDLISR:/mnt/c/Program Files (x86)/dotnet/:/mnt/c/WINDOWS/system32:/mnt/c/WINDOWS:/mnt/c/WINDOWS/System32/Wbem:/mnt/c/WINDOWS/System32/WindowsPowerShell/v1.0/:/mnt/c/WINDOWS/System32/OpenSSH/:/Docker/host/bin:/mnt/c/Program Files/NVIDIA Corporation/Nsight Compute 2022.3.0/:/mnt/c/Users/MarkB/AppData/Local/Microsoft/WindowsApps:/mnt/c/Users/MarkB/AppData/Local/Programs/Microsoft VS Code/bin:/mnt/c/Program Files/mingw-w64/x86_64-8.1.0-posix-seh-rt_v6-rev0/mingw64/bin:/mnt/c/Users/MarkB/AppData/Roaming/npm:/mnt/c/Users/MarkB/.dotnet/tools:/mnt/c/Users/MarkB/AppData/Roaming/cabal/bin:/mnt/c/tools/msys64:/mnt/c/Users/MarkB/Downloads/drive-download-20211101T183906Z-001/opencv/build/x64/vc14/lib:/mnt/c/Users/MarkB/Downloads/drive-download-20211101T183906Z-001/opencv/build/x64/vc14/bin:/mnt/c/Program Files/CMake/bin:/mnt/c/Program Files (x86)/Microsoft Visual Studio/2019/Community/MSBuild/Current/Bin:/mnt/c/Program Files/Java/jdk-17.0.2/bin:/mnt/c/Users/MarkB/AppData/Local/JetBrains/Toolbox/scripts:/mnt/c/Program Files/PostgreSQL/14/bin:/snap/bin
SHELL=/bin/bash
DISPLAY=:0
HOSTTYPE=x86_64
LANG=C.UTF-8
TERM=xterm-256color

Signal Handlers:
   SIGSEGV: 0x00007f2ca7472f60 in libjvm.so+16121696, mask=11100100010111111101111111111110, flags=SA_RESTART|SA_SIGINFO
    SIGBUS: 0x00007f2ca7472f60 in libjvm.so+16121696, mask=11100100010111111101111111111110, flags=SA_RESTART|SA_SIGINFO
    SIGFPE: 0x00007f2ca7472f60 in libjvm.so+16121696, mask=11100100010111111101111111111110, flags=SA_RESTART|SA_SIGINFO
   SIGPIPE: 0x00007f2ca7311560 in libjvm.so+14673248, mask=11100100010111111101111111111110, flags=SA_RESTART|SA_SIGINFO
   SIGXFSZ: 0x00007f2ca7311560 in libjvm.so+14673248, mask=11100100010111111101111111111110, flags=SA_RESTART|SA_SIGINFO
    SIGILL: 0x00007f2ca7472f60 in libjvm.so+16121696, mask=11100100010111111101111111111110, flags=SA_RESTART|SA_SIGINFO
   SIGUSR2: 0x00007f2ca7310be0 in libjvm.so+14670816, mask=00000000000000000000000000000000, flags=SA_RESTART|SA_SIGINFO
    SIGHUP: 0x00007f2ca7310b20 in libjvm.so+14670624, mask=11100100010111111101111111111110, flags=SA_RESTART|SA_SIGINFO
    SIGINT: 0x00007f2ca7310b20 in libjvm.so+14670624, mask=11100100010111111101111111111110, flags=SA_RESTART|SA_SIGINFO
   SIGTERM: 0x00007f2ca7310b20 in libjvm.so+14670624, mask=11100100010111111101111111111110, flags=SA_RESTART|SA_SIGINFO
   SIGQUIT: 0x00007f2ca7310b20 in libjvm.so+14670624, mask=11100100010111111101111111111110, flags=SA_RESTART|SA_SIGINFO
   SIGTRAP: 0x00007f2ca7472f60 in libjvm.so+16121696, mask=11100100010111111101111111111110, flags=SA_RESTART|SA_SIGINFO


---------------  S Y S T E M  ---------------

OS:
DISTRIB_ID=Ubuntu
DISTRIB_RELEASE=20.04
DISTRIB_CODENAME=focal
DISTRIB_DESCRIPTION="Ubuntu 20.04.6 LTS"
uname: Linux 5.15.90.1-microsoft-standard-WSL2 #1 SMP Fri Jan 27 02:56:13 UTC 2023 x86_64
OS uptime: 0 days 11:41 hours
libc: glibc 2.31 NPTL 2.31 
rlimit (soft/hard): STACK 8192k/infinity , CORE 0k/infinity , NPROC 11604/11604 , NOFILE 1048576/1048576 , AS infinity/infinity , CPU infinity/infinity , DATA infinity/infinity , FSIZE infinity/infinity , MEMLOCK 65536k/65536k
load average: 0.12 0.06 0.02

/proc/meminfo:
MemTotal:        2977276 kB
MemFree:          520060 kB
MemAvailable:     639580 kB
Buffers:            7904 kB
Cached:           214688 kB
SwapCached:        41584 kB
Active:           456356 kB
Inactive:        1448576 kB
Active(anon):     375484 kB
Inactive(anon):  1307556 kB
Active(file):      80872 kB
Inactive(file):   141020 kB
Unevictable:           0 kB
Mlocked:               0 kB
SwapTotal:       1048576 kB
SwapFree:         108508 kB
Dirty:                40 kB
Writeback:             0 kB
AnonPages:       1640988 kB
Mapped:           121028 kB
Shmem:               720 kB
KReclaimable:      66120 kB
Slab:             191164 kB
SReclaimable:      66120 kB
SUnreclaim:       125044 kB
KernelStack:       20400 kB
PageTables:        16236 kB
NFS_Unstable:          0 kB
Bounce:                0 kB
WritebackTmp:          0 kB
CommitLimit:     2537212 kB
Committed_AS:    7518512 kB
VmallocTotal:   34359738367 kB
VmallocUsed:       42476 kB
VmallocChunk:          0 kB
Percpu:            13248 kB
AnonHugePages:    184320 kB
ShmemHugePages:        0 kB
ShmemPmdMapped:        0 kB
FileHugePages:         0 kB
FilePmdMapped:         0 kB
HugePages_Total:       0
HugePages_Free:        0
HugePages_Rsvd:        0
HugePages_Surp:        0
Hugepagesize:       2048 kB
Hugetlb:               0 kB
DirectMap4k:      263168 kB
DirectMap2M:     2881536 kB
DirectMap1G:    10485760 kB

/sys/kernel/mm/transparent_hugepage/enabled: [always] madvise never
/sys/kernel/mm/transparent_hugepage/defrag (defrag/compaction efforts parameter): always defer defer+madvise [madvise] never

Process Memory:
Virtual Size: 4373940K (peak: 4439476K)
Resident Set Size: 1068416K (peak: 1068416K) (anon: 1041368K, file: 27048K, shmem: 0K)
Swapped out: 0K
C-Heap outstanding allocations: 1069636K, retained: 2199K
glibc malloc tunables: (default)

/proc/sys/kernel/threads-max (system-wide limit on the number of threads): 23209
/proc/sys/vm/max_map_count (maximum number of memory map areas a process may have): 65530
/proc/sys/kernel/pid_max (system-wide limit on number of process identifiers): 32768

container (cgroup) information:
container_type: cgroupv1
cpu_cpuset_cpus: 0-23
cpu_memory_nodes: 0
active_processor_count: 24
cpu_quota: no quota
cpu_period: 100000
cpu_shares: no shares
memory_limit_in_bytes: unlimited
memory_and_swap_limit_in_bytes: unlimited
memory_soft_limit_in_bytes: unlimited
memory_usage_in_bytes: 1863688 k
memory_max_usage_in_bytes: 2283260 k
kernel_memory_usage_in_bytes: 43448 k
kernel_memory_max_usage_in_bytes: unlimited
kernel_memory_limit_in_bytes: 235904 k
maximum number of tasks: not supported
current number of tasks: not supported

Hyper-V virtualization detected
Steal ticks since vm start: 0
Steal ticks percentage since vm start:  0.000

CPU: total 24 (initial active 24) (16 cores per cpu, 2 threads per core) family 6 model 183 stepping 1 microcode 0xffffffff, cx8, cmov, fxsr, ht, mmx, 3dnowpref, sse, sse2, sse3, ssse3, sse4.1, sse4.2, popcnt, lzcnt, tsc, tscinvbit, avx, avx2, aes, erms, clmul, bmi1, bmi2, adx, sha, fma, vzeroupper, clflush, clflushopt, clwb, hv
CPU Model and flags from /proc/cpuinfo:
model name	: 13th Gen Intel(R) Core(TM) i7-13700KF
flags		: fpu vme de pse tsc msr pae mce cx8 apic sep mtrr pge mca cmov pat pse36 clflush mmx fxsr sse sse2 ss ht syscall nx pdpe1gb rdtscp lm constant_tsc rep_good nopl xtopology tsc_reliable nonstop_tsc cpuid pni pclmulqdq vmx ssse3 fma cx16 pcid sse4_1 sse4_2 x2apic movbe popcnt tsc_deadline_timer aes xsave avx f16c rdrand hypervisor lahf_lm abm 3dnowprefetch invpcid_single ssbd ibrs ibpb stibp ibrs_enhanced tpr_shadow vnmi ept vpid ept_ad fsgsbase tsc_adjust bmi1 avx2 smep bmi2 erms invpcid rdseed adx smap clflushopt clwb sha_ni xsaveopt xsavec xgetbv1 xsaves avx_vnni umip waitpkg gfni vaes vpclmulqdq rdpid movdiri movdir64b fsrm serialize flush_l1d arch_capabilities

Online cpus: 0-23
Offline cpus: 
BIOS frequency limitation: <Not Available>
Frequency switch latency (ns): <Not Available>
Available cpu frequencies: <Not Available>
Current governor: <Not Available>
Core performance/turbo boost: <Not Available>

Memory: 4k page, physical 2977276k(520060k free), swap 1048576k(108508k free)
Page Sizes: 4k

vm_info: OpenJDK 64-Bit Server VM (17.0.6+10-Ubuntu-0ubuntu120.04.1) for linux-amd64 JRE (17.0.6+10-Ubuntu-0ubuntu120.04.1), built on Jan 24 2023 21:06:33 by "buildd" with gcc 9.4.0

END.
